C:\Stream_ACEPRO_Test\ACEPRO_Test\_Support_Tools\BootStrap\ASC\sample_common.db
C:\Stream_ACEPRO_Test\ACEPRO_Test\_Support_Tools\BootStrap\ASC\sample_p1_base.db
2 File(s) copied
        1 file(s) copied.
        1 file(s) copied.
        1 file(s) copied.
        1 file(s) copied.
C:\Stream_ACEPRO_Test\ACEPRO_Test\BuildOutput\Binaries\Debug_FirmwareUpgrade\ASC_vxWorks_0.1.0.6.bin
1 File(s) copied
C:\Stream_ACEPRO_Test\ACEPRO_Test\BuildOutput\BuildLogs_Debug\AM5728_P1_VIP.log
C:\Stream_ACEPRO_Test\ACEPRO_Test\BuildOutput\BuildLogs_Debug\AM5728_P1_VSB.log
C:\Stream_ACEPRO_Test\ACEPRO_Test\BuildOutput\BuildLogs_Debug\RTP_ASC.log
C:\Stream_ACEPRO_Test\ACEPRO_Test\BuildOutput\BuildLogs_Debug\SCM_LOG.txt
C:\Stream_ACEPRO_Test\ACEPRO_Test\BuildOutput\BuildLogs_Debug\wrtool.log
5 File(s) copied
C:\Stream_ACEPRO_Test\ACEPRO_Test\BuildOutput\Custom\Debug\ASC\RTP_ASC.vxe
C:\Stream_ACEPRO_Test\ACEPRO_Test\BuildOutput\Custom\Debug\ASC\sample_common.db
C:\Stream_ACEPRO_Test\ACEPRO_Test\BuildOutput\Custom\Debug\ASC\sample_p1_base.db
3 File(s) copied
C:\Stream_ACEPRO_Test\ACEPRO_Test\BuildOutput\History_Detailed.txt
1 File(s) copied
C:\Stream_ACEPRO_Test\ACEPRO_Test\BuildOutput\Version_Content.txt
1 File(s) copied
C:\Stream_ACEPRO_Test\ACEPRO_Test\BuildOutput\BuildLogs_Debug\wrtool.log
1 File(s) copied
C:\Stream_ACEPRO_Test\ACEPRO_Test\BuildOutput\Return_Values.log
1 File(s) copied
C:\Stream_ACEPRO_Test\ACEPRO_Test\BuildOutput\copy.log
1 File(s) copied
Deleted file - C:\Stream_ACEPRO_Test\ACEPRO_Test\BuildOutput\Email_Content.txt
Deleted file - C:\Stream_ACEPRO_Test\ACEPRO_Test\BuildOutput\Version_Content.txt
C:\Stream_ACEPRO_Test\ACEPRO_Test\_Support_Tools\BootStrap\ASC\sample_common.db
C:\Stream_ACEPRO_Test\ACEPRO_Test\_Support_Tools\BootStrap\ASC\sample_p1_base.db
2 File(s) copied
The system cannot find the path specified.
The system cannot find the file specified.
The system cannot find the file specified.
        1 file(s) copied.
The system cannot find the path specified.
The system cannot find the file specified.
The system cannot find the file specified.
        1 file(s) copied.
C:\Stream_ACEPRO_Test\ACEPRO_Test\_Support_Tools\BootStrap\ASC\sample_common.db
C:\Stream_ACEPRO_Test\ACEPRO_Test\_Support_Tools\BootStrap\ASC\sample_p1_base.db
2 File(s) copied
The system cannot find the path specified.
The system cannot find the file specified.
The system cannot find the file specified.
        1 file(s) copied.
The system cannot find the path specified.
