Starting Build ACE_PRO Release_ASC-0.1.0.6 on BUC-DAN-BUILD5A 
Thu 08/03/2023 
09:39 AM
Thu 08/03/2023 
10:21 AM
Thu 08/03/2023 
10:23 AM
Thu 08/03/2023 
10:26 AM
Thu 08/03/2023 
10:26 AM
Full Build Completed 
Mon 08/07/2023 
03:46 AM
Mon 08/07/2023 
03:48 AM
Mon 08/07/2023 
03:50 AM
Starting Build ACE_PRO Release x.x on BUC-DAN-BUILD5A 
Mon 08/07/2023 
03:50 AM
Mon 08/07/2023 
03:50 AM
Mon 08/07/2023 
03:52 AM
Mon 08/07/2023 
03:54 AM
Mon 08/07/2023 
03:54 AM
Full Build Completed 
Mon 08/07/2023 
09:29 AM
Mon 08/07/2023 
09:31 AM
Mon 08/07/2023 
09:33 AM
Starting Build ACE_PRO Release x.x on BUC-DAN-BUILD5A 
Mon 08/07/2023 
09:33 AM
Mon 08/07/2023 
09:34 AM
Mon 08/07/2023 
09:35 AM
