CALL wrtool prj clean AM5728_P1_VSB 
Error Code: 0: CALL wrtool prj clean AM5728_P1_VSB 
CALL wrtool prj clean AM5728_P1_VSB 
Error Code: 0: CALL wrtool prj clean AM5728_P1_VSB 
CALL wrtool prj clean RTP_ASC 
Error Code: 0: CALL wrtool prj clean RTP_ASC 
CALL wrtool prj clean RTP_ASC 
Error Code: 0: CALL wrtool prj clean RTP_ASC 
CALL wrtool prj clean AM5728_P1_VIP 
Error Code: 0: CALL wrtool prj clean AM5728_P1_VIP 
CALL wrtool prj clean AM5728_P1_VIP 
Error Code: 0: CALL wrtool prj clean AM5728_P1_VIP 
CALL wrtool prj clean AM5728_P1_VSB 
Error Code: 0: CALL wrtool prj clean AM5728_P1_VSB 
CALL wrtool prj clean AM5728_P1_VSB 
Error Code: 0: CALL wrtool prj clean AM5728_P1_VSB 
CALL wrtool prj clean RTP_ASC 
Error Code: 0: CALL wrtool prj clean RTP_ASC 
CALL wrtool prj clean RTP_ASC 
Error Code: 0: CALL wrtool prj clean RTP_ASC 
CALL wrtool prj clean AM5728_P1_VIP 
Error Code: 0: CALL wrtool prj clean AM5728_P1_VIP 
CALL wrtool prj clean AM5728_P1_VIP 
Error Code: 0: CALL wrtool prj clean AM5728_P1_VIP 
CALL wrtool prj clean AM5728_P1_VSB 
Error Code: 0: CALL wrtool prj clean AM5728_P1_VSB 
CALL wrtool prj clean AM5728_P1_VSB 
Error Code: 0: CALL wrtool prj clean AM5728_P1_VSB 
CALL wrtool prj clean RTP_ASC 
Error Code: 0: CALL wrtool prj clean RTP_ASC 
CALL wrtool prj clean RTP_ASC 
Error Code: 0: CALL wrtool prj clean RTP_ASC 
CALL wrtool prj clean AM5728_P1_VIP 
Error Code: 0: CALL wrtool prj clean AM5728_P1_VIP 
CALL wrtool prj clean AM5728_P1_VIP 
Error Code: 0: CALL wrtool prj clean AM5728_P1_VIP 
CALL wrtool prj clean AM5728_P1_VSB 
Error Code: 0: CALL wrtool prj clean AM5728_P1_VSB 
CALL wrtool prj clean AM5728_P1_VSB 
Error Code: 0: CALL wrtool prj clean AM5728_P1_VSB 
CALL wrtool prj clean RTP_ASC 
Error Code: 0: CALL wrtool prj clean RTP_ASC 
CALL wrtool prj clean RTP_ASC 
Error Code: 0: CALL wrtool prj clean RTP_ASC 
CALL wrtool prj clean AM5728_P1_VIP 
Error Code: 0: CALL wrtool prj clean AM5728_P1_VIP 
CALL wrtool prj clean AM5728_P1_VIP 
Error Code: 0: CALL wrtool prj clean AM5728_P1_VIP 
CALL wrtool prj clean AM5728_P1_VSB 
Error Code: 0: CALL wrtool prj clean AM5728_P1_VSB 
CALL wrtool prj clean AM5728_P1_VSB 
Error Code: 0: CALL wrtool prj clean AM5728_P1_VSB 
CALL wrtool prj clean RTP_ASC 
Error Code: 0: CALL wrtool prj clean RTP_ASC 
CALL wrtool prj clean RTP_ASC 
Error Code: 0: CALL wrtool prj clean RTP_ASC 
CALL wrtool prj clean AM5728_P1_VIP 
Error Code: 0: CALL wrtool prj clean AM5728_P1_VIP 
CALL wrtool prj clean AM5728_P1_VIP 
Error Code: 0: CALL wrtool prj clean AM5728_P1_VIP 
